Build started 29/10/2014 16:33:36.
     1>Project "J:\year 2\procedural programing\MasterMind\MasterMind\MasterMind.vcxproj" on node 2 (build target(s)).
     1>InitializeBuildStatus:
         Touching "Debug\MasterMind.unsuccessfulbuild".
       ClCompile:
         C:\Program Files (x86)\Microsoft Visual Studio 10.0\VC\bin\CL.exe /c /ZI /nologo /W3 /WX- /Od /Oy- /D _MBCS /Gm /EHsc /RTC1 /MDd /GS /fp:precise /Zc:wchar_t /Zc:forScope /Fo"Debug\\" /Fd"Debug\vc100.pdb" /Gd /TC /analyze- /errorReport:prompt functions.c
         functions.c
     1>j:\year 2\procedural programing\mastermind\mastermind\functions.c(26): warning C4996: 'scanf': This function or variable may be unsafe. Consider using scanf_s instead. To disable deprecation, use _CRT_SECURE_NO_WARNINGS. See online help for details.
                 c:\program files (x86)\microsoft visual studio 10.0\vc\include\stdio.h(304) : see declaration of 'scanf'
     1>j:\year 2\procedural programing\mastermind\mastermind\functions.c(44): warning C4716: 'easyDifficulty' : must return a value
       Link:
         C:\Program Files (x86)\Microsoft Visual Studio 10.0\VC\bin\link.exe /ERRORREPORT:PROMPT /OUT:"J:\year 2\procedural programing\MasterMind\Debug\MasterMind.exe" /NOLOGO kernel32.lib user32.lib gdi32.lib winspool.lib comdlg32.lib advapi32.lib shell32.lib ole32.lib oleaut32.lib uuid.lib odbc32.lib odbccp32.lib /MANIFEST /ManifestFile:"Debug\MasterMind.exe.intermediate.manifest" /MANIFESTUAC:"level='asInvoker' uiAccess='false'" /DEBUG /PDB:"J:\year 2\procedural programing\MasterMind\Debug\MasterMind.pdb" /TLBID:1 /DYNAMICBASE /NXCOMPAT /IMPLIB:"J:\year 2\procedural programing\MasterMind\Debug\MasterMind.lib" /MACHINE:X86 Debug\functions.obj
         Debug\Mastermind.obj
         Debug\menu.obj
         MasterMind.vcxproj -> J:\year 2\procedural programing\MasterMind\Debug\MasterMind.exe
       Manifest:
         C:\Program Files (x86)\Microsoft SDKs\Windows\v7.0A\bin\mt.exe /nologo /verbose /outputresource:"J:\year 2\procedural programing\MasterMind\Debug\MasterMind.exe;#1" /manifest Debug\MasterMind.exe.intermediate.manifest
       FinalizeBuildStatus:
         Deleting file "Debug\MasterMind.unsuccessfulbuild".
         Touching "Debug\MasterMind.lastbuildstate".
     1>Done Building Project "J:\year 2\procedural programing\MasterMind\MasterMind\MasterMind.vcxproj" (build target(s)).

Build succeeded.

Time Elapsed 00:00:08.18
